<?xml version="1.0" encoding="UTF-8"?>
<testsuite name="org.shell.bostcrew.HelloWorldCommandTests" time="0.049" tests="1" errors="1" skipped="0" failures="0">
  <properties>
[...]
</properties>
  <testcase name="testSimple" classname="org.shell.bostcrew.HelloWorldCommandTests" time="0.049">
    <error message="org/apache/commons/logging/LogFactory" type="java.lang.NoClassDefFoundError"><![CDATA[java.lang.NoClassDefFoundError: org/apache/commons/logging/LogFactory
	at java.net.URLClassLoader.findClass(URLClassLoader.java:381)
	at java.lang.ClassLoader.loadClass(ClassLoader.java:424)
	at sun.misc.Launcher$AppClassLoader.loadClass(Launcher.java:331)
	at java.lang.ClassLoader.loadClass(ClassLoader.java:357)
	at org.springframework.context.support.AbstractApplicationContext.<init>(AbstractApplicationContext.java:161)
	at org.springframework.context.support.GenericApplicationContext.<init>(GenericApplicationContext.java:104)
	at org.springframework.shell.Bootstrap.<init>(Bootstrap.java:87)
	at org.springframework.shell.Bootstrap.<init>(Bootstrap.java:72)
	at org.shell.bostcrew.HelloWorldCommandTests.testSimple(HelloWorldCommandTests.java:29)
]]></error>
  </testcase>
</testsuite>